[02Aug2025 00:00:04.978] [Server thread/WARN] [net.minecraft.server.MinecraftServer/]: Can't keep up! Is the server overloaded? Running 2002ms or 40 ticks behind
[02Aug2025 00:00:24.082] [Server thread/WARN] [net.minecraft.server.MinecraftServer/]: Can't keep up! Is the server overloaded? Running 4107ms or 82 ticks behind
[02Aug2025 00:00:43.427] [Server thread/WARN] [net.minecraft.server.MinecraftServer/]: Can't keep up! Is the server overloaded? Running 2002ms or 40 ticks behind
[02Aug2025 00:01:00.459] [Server thread/WARN] [net.minecraft.server.MinecraftServer/]: Can't keep up! Is the server overloaded? Running 2034ms or 40 ticks behind
[02Aug2025 00:01:03.119] [Server thread/WARN] [tombstone/]: The death event of the player SUPATA123 was canceled by another mod
[02Aug2025 00:01:03.174] [Server thread/INFO] [tombstone/]: The player SUPATA123 has successfully been saved
[02Aug2025 00:01:16.946] [Server thread/INFO] [net.minecraft.server.MinecraftServer/]: SUPATA123 fell from a high place
[02Aug2025 00:03:17.480] [Server thread/WARN] [net.minecraft.server.MinecraftServer/]: Can't keep up! Is the server overloaded? Running 2004ms or 40 ticks behind
[02Aug2025 00:03:19.780] [Server thread/INFO] [net.minecraft.server.MinecraftServer/]: shagyy has made the advancement [The Most Useful Key]
[02Aug2025 00:03:25.187] [Server thread/INFO] [net.minecraft.server.MinecraftServer/]: shagyy has reached the goal [A Fast Comeback]
[02Aug2025 00:07:23.146] [dimthread_server_overworld/WARN] [tombstone/]: The death event of the player SUPATA123 was canceled by another mod
[02Aug2025 00:07:23.170] [Server thread/INFO] [tombstone/]: The player SUPATA123 has successfully been saved
[02Aug2025 00:07:37.557] [Server thread/INFO] [net.minecraft.server.MinecraftServer/]: SUPATA123 was slain by Kobolediator
[02Aug2025 00:07:54.133] [Server thread/WARN] [net.minecraft.server.MinecraftServer/]: Can't keep up! Is the server overloaded? Running 2007ms or 40 ticks behind
[02Aug2025 00:08:07.894] [dimthread_server_overworld/WARN] [tombstone/]: The death event of the player SUPATA123 was canceled by another mod
[02Aug2025 00:08:07.918] [Server thread/INFO] [tombstone/]: The player SUPATA123 has successfully been saved
[02Aug2025 00:08:19.062] [Server thread/INFO] [net.minecraft.server.MinecraftServer/]: SUPATA123 was slain by Kobolediator
[02Aug2025 00:10:02.379] [Server thread/WARN] [net.minecraft.server.MinecraftServer/]: Can't keep up! Is the server overloaded? Running 2054ms or 41 ticks behind
[02Aug2025 00:10:08.561] [Server thread/WARN] [tombstone/]: The death event of the player SUPATA123 was canceled by another mod
[02Aug2025 00:10:08.563] [Server thread/INFO] [tombstone/]: The player SUPATA123 has successfully been saved
[02Aug2025 00:11:53.906] [Server thread/WARN] [net.minecraft.server.MinecraftServer/]: Can't keep up! Is the server overloaded? Running 2030ms or 40 ticks behind
[02Aug2025 00:12:30.410] [dimthread_server_overworld/WARN] [tombstone/]: The death event of the player shagyy was canceled by another mod
[02Aug2025 00:12:30.427] [Server thread/INFO] [tombstone/]: The player shagyy has successfully been saved
[02Aug2025 00:12:48.318] [Server thread/INFO] [net.minecraft.server.MinecraftServer/]: shagyy was slain by Ancient Remnant
[02Aug2025 00:12:48.320] [Server thread/INFO] [com.tiviacz.travelersbackpack.TravelersBackpack/]: Created new backpack backup file for shagyy with unique ID travelersbackpack.standard_02.08.2025-00.12.48.dat
[02Aug2025 00:13:07.280] [Server thread/WARN] [net.minecraft.server.MinecraftServer/]: Can't keep up! Is the server overloaded? Running 2005ms or 40 ticks behind
[02Aug2025 00:13:26.006] [Server thread/WARN] [net.minecraft.server.MinecraftServer/]: Can't keep up! Is the server overloaded? Running 3731ms or 74 ticks behind
[02Aug2025 00:13:43.099] [Server thread/WARN] [net.minecraft.server.MinecraftServer/]: Can't keep up! Is the server overloaded? Running 2123ms or 42 ticks behind
[02Aug2025 00:14:00.363] [Server thread/WARN] [net.minecraft.server.MinecraftServer/]: Can't keep up! Is the server overloaded? Running 2288ms or 45 ticks behind
[02Aug2025 00:14:17.516] [Server thread/WARN] [net.minecraft.server.MinecraftServer/]: Can't keep up! Is the server overloaded? Running 2191ms or 43 ticks behind
[02Aug2025 00:14:34.844] [Server thread/WARN] [net.minecraft.server.MinecraftServer/]: Can't keep up! Is the server overloaded? Running 2369ms or 47 ticks behind
[02Aug2025 00:14:52.909] [Server thread/WARN] [net.minecraft.server.MinecraftServer/]: Can't keep up! Is the server overloaded? Running 3083ms or 61 ticks behind
[02Aug2025 00:15:10.214] [Server thread/WARN] [net.minecraft.server.MinecraftServer/]: Can't keep up! Is the server overloaded? Running 2339ms or 46 ticks behind
[02Aug2025 00:15:27.188] [Server thread/WARN] [net.minecraft.server.MinecraftServer/]: Can't keep up! Is the server overloaded? Running 2013ms or 40 ticks behind
[02Aug2025 00:15:34.341] [dimthread_server_overworld/INFO] [net.minecraft.server.MinecraftServer/]: SUPATA123 has made the advancement [Eye of The Storm]
[02Aug2025 00:15:46.296] [Server thread/WARN] [net.minecraft.server.MinecraftServer/]: Can't keep up! Is the server overloaded? Running 4121ms or 82 ticks behind
[02Aug2025 00:16:07.018] [Server thread/WARN] [net.minecraft.server.MinecraftServer/]: Can't keep up! Is the server overloaded? Running 5742ms or 114 ticks behind
[02Aug2025 00:16:26.596] [Server thread/WARN] [net.minecraft.server.MinecraftServer/]: Can't keep up! Is the server overloaded? Running 4620ms or 92 ticks behind
[02Aug2025 00:16:45.882] [Server thread/WARN] [net.minecraft.server.MinecraftServer/]: Can't keep up! Is the server overloaded? Running 4306ms or 86 ticks behind
[02Aug2025 00:17:06.087] [Server thread/WARN] [net.minecraft.server.MinecraftServer/]: Can't keep up! Is the server overloaded? Running 2011ms or 40 ticks behind
[02Aug2025 00:17:23.563] [Server thread/WARN] [net.minecraft.server.MinecraftServer/]: Can't keep up! Is the server overloaded? Running 2487ms or 49 ticks behind
[02Aug2025 00:17:42.808] [Server thread/WARN] [net.minecraft.server.MinecraftServer/]: Can't keep up! Is the server overloaded? Running 4283ms or 85 ticks behind
[02Aug2025 00:18:03.148] [Server thread/WARN] [net.minecraft.server.MinecraftServer/]: Can't keep up! Is the server overloaded? Running 5372ms or 107 ticks behind
[02Aug2025 00:18:24.408] [Server thread/WARN] [net.minecraft.server.MinecraftServer/]: Can't keep up! Is the server overloaded? Running 6283ms or 125 ticks behind
[02Aug2025 00:18:42.939] [Server thread/WARN] [net.minecraft.server.MinecraftServer/]: Can't keep up! Is the server overloaded? Running 3564ms or 71 ticks behind
[02Aug2025 00:19:01.728] [Server thread/WARN] [net.minecraft.server.MinecraftServer/]: Can't keep up! Is the server overloaded? Running 3802ms or 76 ticks behind
[02Aug2025 00:19:19.696] [Server thread/WARN] [net.minecraft.server.MinecraftServer/]: Can't keep up! Is the server overloaded? Running 2971ms or 59 ticks behind
[02Aug2025 00:19:38.460] [Server thread/WARN] [net.minecraft.server.MinecraftServer/]: Can't keep up! Is the server overloaded? Running 3784ms or 75 ticks behind
[02Aug2025 00:19:57.375] [Server thread/WARN] [net.minecraft.server.MinecraftServer/]: Can't keep up! Is the server overloaded? Running 3949ms or 78 ticks behind
[02Aug2025 00:20:15.988] [Server thread/WARN] [net.minecraft.server.MinecraftServer/]: Can't keep up! Is the server overloaded? Running 3662ms or 73 ticks behind
[02Aug2025 00:20:33.791] [Server thread/WARN] [net.minecraft.server.MinecraftServer/]: Can't keep up! Is the server overloaded? Running 2815ms or 56 ticks behind
[02Aug2025 00:20:46.140] [Server thread/WARN] [tombstone/]: The death event of the player SUPATA123 was canceled by another mod
[02Aug2025 00:20:46.203] [Server thread/INFO] [tombstone/]: The player SUPATA123 has successfully been saved
[02Aug2025 00:20:52.154] [Server thread/INFO] [net.minecraft.server.MinecraftServer/]: SUPATA123 fell from a high place
[02Aug2025 00:20:52.841] [Server thread/WARN] [net.minecraft.server.MinecraftServer/]: Can't keep up! Is the server overloaded? Running 4065ms or 81 ticks behind
[02Aug2025 00:21:15.016] [Server thread/INFO] [net.minecraft.server.MinecraftServer/]: shagyy has made the advancement [Stolen Magic]
[02Aug2025 00:21:24.682] [Server thread/WARN] [net.minecraft.server.MinecraftServer/]: Can't keep up! Is the server overloaded? Running 2006ms or 40 ticks behind
[02Aug2025 00:21:42.472] [Server thread/WARN] [net.minecraft.server.MinecraftServer/]: Can't keep up! Is the server overloaded? Running 2797ms or 55 ticks behind
[02Aug2025 00:21:47.125] [Server thread/WARN] [tombstone/]: The death event of the player SUPATA123 was canceled by another mod
[02Aug2025 00:21:47.180] [Server thread/INFO] [tombstone/]: The player SUPATA123 has successfully been saved
[02Aug2025 00:21:54.419] [Server thread/INFO] [net.minecraft.server.MinecraftServer/]: SUPATA123 tried to swim in lava
[02Aug2025 00:22:34.266] [Server thread/WARN] [net.minecraft.server.MinecraftServer/]: Can't keep up! Is the server overloaded? Running 2041ms or 40 ticks behind
[02Aug2025 00:22:49.455] [Server thread/WARN] [tombstone/]: The death event of the player shagyy was canceled by another mod
[02Aug2025 00:22:49.456] [Server thread/INFO] [tombstone/]: The player shagyy has successfully been saved
[02Aug2025 00:22:56.771] [Server thread/INFO] [net.minecraft.server.MinecraftServer/]: shagyy fell from a high place
[02Aug2025 00:26:23.151] [dimthread_server_overworld/WARN] [tombstone/]: The death event of the player shagyy was canceled by another mod
[02Aug2025 00:26:23.163] [Server thread/INFO] [tombstone/]: The player shagyy has successfully been saved
[02Aug2025 00:26:24.454] [Server thread/WARN] [net.minecraft.server.network.ServerGamePacketListenerImpl/]: shagyy moved too quickly! -2.2696210085227904,-15.0,-2.1094723556288955
[02Aug2025 00:26:24.912] [Server thread/WARN] [net.minecraft.server.network.ServerGamePacketListenerImpl/]: shagyy moved too quickly! 1.01619341677781,-15.0,-3.284756845834636
[02Aug2025 00:26:28.169] [Server thread/INFO] [net.minecraft.server.MinecraftServer/]: shagyy has left this dimension
[02Aug2025 00:26:28.171] [Server thread/INFO] [com.tiviacz.travelersbackpack.TravelersBackpack/]: Created new backpack backup file for shagyy with unique ID travelersbackpack.standard_02.08.2025-00.26.28.dat
[02Aug2025 00:26:28.174] [Server thread/INFO] [tombstone/]: The player shagyy has successfully been saved
[02Aug2025 00:27:08.219] [Server thread/INFO] [net.minecraft.server.network.ServerGamePacketListenerImpl/]: shagyy lost connection: Disconnected
[02Aug2025 00:27:08.219] [Server thread/INFO] [net.minecraft.server.MinecraftServer/]: shagyy left the game
[02Aug2025 00:29:58.963] [Server thread/INFO] [net.minecraft.server.players.PlayerList/]: shagyy[/127.113.122.147:48895] logged in with entity id 228965 at (357.23235596622203, 50.25220334025373, -8807.403253574998)
[02Aug2025 00:29:59.012] [Server thread/INFO] [ModernFix/]: Using enhanced recipe sync for player shagyy
[02Aug2025 00:29:59.014] [Server thread/INFO] [net.minecraft.server.MinecraftServer/]: shagyy joined the game
[02Aug2025 00:29:59.185] [Server thread/INFO] [Jade/]: Syncing config to shagyy (111bfbac-e1a7-3050-a5e2-0f47f5d9c2a7)
[02Aug2025 00:36:29.328] [Server thread/WARN] [net.minecraft.server.MinecraftServer/]: Can't keep up! Is the server overloaded? Running 2002ms or 40 ticks behind
[02Aug2025 00:36:46.273] [Server thread/WARN] [net.minecraft.server.network.ServerGamePacketListenerImpl/]: shagyy moved too quickly! -9.258360919883614,2.176759275064242,-3.891699933068594
[02Aug2025 00:36:49.440] [Server thread/WARN] [net.minecraft.server.MinecraftServer/]: Can't keep up! Is the server overloaded? Running 5114ms or 102 ticks behind
